生成启动时间为 2022/1/6 14:33:40。
     1>项目“D:\BaiduNetdiskDownload\qian\计算机学习记录\C语言\code\test-1-5-1\test-1-5-1\test-1-5-1.vcxproj”在节点 2 上(Build 个目标)。
     1>InitializeBuildStatus:
         正在对“Debug\test-1-5-1.tlog\unsuccessfulbuild”执行 Touch 任务。
       ClCompile:
         D:\Program Files (x86)\Microsoft Visual Studio 12.0\VC\bin\CL.exe /c /ZI /nologo /W3 /WX- /sdl /Od /Oy- /D _MBCS /Gm /EHsc /RTC1 /MDd /GS /fp:precise /Zc:wchar_t /Zc:forScope /Fo"Debug\\" /Fd"Debug\vc120.pdb" /Gd /TC /analyze- /errorReport:prompt add.c test.c
         test.c
     1>d:\baidunetdiskdownload\qian\计算机学习记录\c语言\code\test-1-5-1\test-1-5-1\test.c(11): error C2085: “main”: 不在形参表中
     1>d:\baidunetdiskdownload\qian\计算机学习记录\c语言\code\test-1-5-1\test-1-5-1\test.c(11): error C2143: 语法错误 : 缺少“;”(在“{”的前面)
     1>d:\baidunetdiskdownload\qian\计算机学习记录\c语言\code\test-1-5-1\test-1-5-1\test.c(12): error C2082: 形参“a”的重定义
     1>d:\baidunetdiskdownload\qian\计算机学习记录\c语言\code\test-1-5-1\test-1-5-1\test.c(13): error C2082: 形参“b”的重定义
         add.c
         正在生成代码...
     1>已完成生成项目“D:\BaiduNetdiskDownload\qian\计算机学习记录\C语言\code\test-1-5-1\test-1-5-1\test-1-5-1.vcxproj”(Build 个目标)的操作 - 失败。

生成失败。

已用时间 00:00:00.32
